{"/Users/alexanderjdean/development/satellite-sonnet-frontend/app/eslint.config.js": {"path":"/Users/alexanderjdean/development/satellite-sonnet-frontend/app/eslint.config.js","all":true,"statementMap":{"0":{"start":{"line":1,"column":0},"end":{"line":1,"column":27}},"1":{"start":{"line":2,"column":0},"end":{"line":2,"column":29}},"2":{"start":{"line":3,"column":0},"end":{"line":3,"column":50}},"3":{"start":{"line":4,"column":0},"end":{"line":4,"column":54}},"4":{"start":{"line":5,"column":0},"end":{"line":5,"column":59}},"6":{"start":{"line":7,"column":0},"end":{"line":7,"column":29}},"7":{"start":{"line":8,"column":0},"end":{"line":8,"column":26}},"8":{"start":{"line":9,"column":0},"end":{"line":9,"column":3}},"9":{"start":{"line":10,"column":0},"end":{"line":10,"column":29}},"10":{"start":{"line":11,"column":0},"end":{"line":11,"column":14}},"11":{"start":{"line":12,"column":0},"end":{"line":12,"column":29}},"12":{"start":{"line":13,"column":0},"end":{"line":13,"column":47}},"13":{"start":{"line":14,"column":0},"end":{"line":14,"column":32}},"14":{"start":{"line":15,"column":0},"end":{"line":15,"column":6}},"15":{"start":{"line":16,"column":0},"end":{"line":16,"column":22}},"16":{"start":{"line":17,"column":0},"end":{"line":17,"column":24}},"17":{"start":{"line":18,"column":0},"end":{"line":18,"column":31}},"18":{"start":{"line":19,"column":0},"end":{"line":19,"column":22}},"19":{"start":{"line":20,"column":0},"end":{"line":20,"column":30}},"20":{"start":{"line":21,"column":0},"end":{"line":21,"column":36}},"21":{"start":{"line":22,"column":0},"end":{"line":22,"column":29}},"22":{"start":{"line":23,"column":0},"end":{"line":23,"column":8}},"23":{"start":{"line":24,"column":0},"end":{"line":24,"column":6}},"24":{"start":{"line":25,"column":0},"end":{"line":25,"column":12}},"25":{"start":{"line":26,"column":0},"end":{"line":26,"column":68}},"26":{"start":{"line":27,"column":0},"end":{"line":27,"column":6}},"27":{"start":{"line":28,"column":0},"end":{"line":28,"column":4}},"28":{"start":{"line":29,"column":0},"end":{"line":29,"column":2}}},"s":{"0":0,"1":0,"2":0,"3":0,"4":0,"6":0,"7":0,"8":0,"9":0,"10":0,"11":0,"12":0,"13":0,"14":0,"15":0,"16":0,"17":0,"18":0,"19":0,"20":0,"21":0,"22":0,"23":0,"24":0,"25":0,"26":0,"27":0,"28":0},"branchMap":{"0":{"type":"branch","line":1,"loc":{"start":{"line":1,"column":762},"end":{"line":29,"column":2}},"locations":[{"start":{"line":1,"column":762},"end":{"line":29,"column":2}}]}},"b":{"0":[0]},"fnMap":{"0":{"name":"(empty-report)","decl":{"start":{"line":1,"column":762},"end":{"line":29,"column":2}},"loc":{"start":{"line":1,"column":762},"end":{"line":29,"column":2}},"line":1}},"f":{"0":0}}
,"/Users/alexanderjdean/development/satellite-sonnet-frontend/app/vite.config.js": {"path":"/Users/alexanderjdean/development/satellite-sonnet-frontend/app/vite.config.js","all":true,"statementMap":{"0":{"start":{"line":1,"column":0},"end":{"line":1,"column":35}},"1":{"start":{"line":2,"column":0},"end":{"line":2,"column":40}},"3":{"start":{"line":4,"column":0},"end":{"line":4,"column":29}},"4":{"start":{"line":5,"column":0},"end":{"line":5,"column":21}},"5":{"start":{"line":6,"column":0},"end":{"line":6,"column":29}},"6":{"start":{"line":7,"column":0},"end":{"line":7,"column":9}},"7":{"start":{"line":8,"column":0},"end":{"line":8,"column":18}},"8":{"start":{"line":9,"column":0},"end":{"line":9,"column":25}},"9":{"start":{"line":10,"column":0},"end":{"line":10,"column":38}},"10":{"start":{"line":11,"column":0},"end":{"line":11,"column":15}},"11":{"start":{"line":12,"column":0},"end":{"line":12,"column":41}},"12":{"start":{"line":13,"column":0},"end":{"line":13,"column":16}},"13":{"start":{"line":14,"column":0},"end":{"line":14,"column":24}},"14":{"start":{"line":15,"column":0},"end":{"line":15,"column":20}},"15":{"start":{"line":16,"column":0},"end":{"line":16,"column":29}},"16":{"start":{"line":17,"column":0},"end":{"line":17,"column":29}},"17":{"start":{"line":18,"column":0},"end":{"line":18,"column":65}},"18":{"start":{"line":19,"column":0},"end":{"line":19,"column":8}},"19":{"start":{"line":20,"column":0},"end":{"line":20,"column":6}},"20":{"start":{"line":21,"column":0},"end":{"line":21,"column":4}},"21":{"start":{"line":22,"column":0},"end":{"line":22,"column":2}}},"s":{"0":0,"1":0,"3":0,"4":0,"5":0,"6":0,"7":0,"8":0,"9":0,"10":0,"11":0,"12":0,"13":0,"14":0,"15":0,"16":0,"17":0,"18":0,"19":0,"20":0,"21":0},"branchMap":{"0":{"type":"branch","line":1,"loc":{"start":{"line":1,"column":524},"end":{"line":22,"column":2}},"locations":[{"start":{"line":1,"column":524},"end":{"line":22,"column":2}}]}},"b":{"0":[0]},"fnMap":{"0":{"name":"(empty-report)","decl":{"start":{"line":1,"column":524},"end":{"line":22,"column":2}},"loc":{"start":{"line":1,"column":524},"end":{"line":22,"column":2}},"line":1}},"f":{"0":0}}
,"/Users/alexanderjdean/development/satellite-sonnet-frontend/app/dist/assets/index-cGN4tKe3.js": {"path":"/Users/alexanderjdean/development/satellite-sonnet-frontend/app/dist/assets/index-cGN4tKe3.js","all":true,"statementMap":{"0":{"start":{"line":1,"column":0},"end":{"line":1,"column":747}},"1":{"start":{"line":2,"column":0},"end":{"line":2,"column":17}},"2":{"start":{"line":3,"column":0},"end":{"line":3,"column":34}},"3":{"start":{"line":4,"column":0},"end":{"line":4,"column":2}},"4":{"start":{"line":5,"column":0},"end":{"line":5,"column":53}},"5":{"start":{"line":6,"column":0},"end":{"line":6,"column":2}},"6":{"start":{"line":7,"column":0},"end":{"line":7,"column":66}},"7":{"start":{"line":8,"column":0},"end":{"line":8,"column":58}},"8":{"start":{"line":9,"column":0},"end":{"line":9,"column":494}},"9":{"start":{"line":10,"column":0},"end":{"line":10,"column":17}},"10":{"start":{"line":11,"column":0},"end":{"line":11,"column":22}},"11":{"start":{"line":12,"column":0},"end":{"line":12,"column":2}},"12":{"start":{"line":13,"column":0},"end":{"line":13,"column":53}},"13":{"start":{"line":14,"column":0},"end":{"line":14,"column":2}},"14":{"start":{"line":15,"column":0},"end":{"line":15,"column":66}},"15":{"start":{"line":16,"column":0},"end":{"line":16,"column":58}},"16":{"start":{"line":17,"column":0},"end":{"line":17,"column":7768}},"17":{"start":{"line":18,"column":0},"end":{"line":18,"column":17}},"18":{"start":{"line":19,"column":0},"end":{"line":19,"column":26}},"19":{"start":{"line":20,"column":0},"end":{"line":20,"column":2}},"20":{"start":{"line":21,"column":0},"end":{"line":21,"column":53}},"21":{"start":{"line":22,"column":0},"end":{"line":22,"column":2}},"22":{"start":{"line":23,"column":0},"end":{"line":23,"column":66}},"23":{"start":{"line":24,"column":0},"end":{"line":24,"column":58}},"24":{"start":{"line":25,"column":0},"end":{"line":25,"column":3723}},"25":{"start":{"line":26,"column":0},"end":{"line":26,"column":17}},"26":{"start":{"line":27,"column":0},"end":{"line":27,"column":26}},"27":{"start":{"line":28,"column":0},"end":{"line":28,"column":2}},"28":{"start":{"line":29,"column":0},"end":{"line":29,"column":53}},"29":{"start":{"line":30,"column":0},"end":{"line":30,"column":2}},"30":{"start":{"line":31,"column":0},"end":{"line":31,"column":66}},"31":{"start":{"line":32,"column":0},"end":{"line":32,"column":58}},"32":{"start":{"line":33,"column":0},"end":{"line":33,"column":3628}},"33":{"start":{"line":34,"column":0},"end":{"line":34,"column":17}},"34":{"start":{"line":35,"column":0},"end":{"line":35,"column":33}},"35":{"start":{"line":36,"column":0},"end":{"line":36,"column":2}},"36":{"start":{"line":37,"column":0},"end":{"line":37,"column":53}},"37":{"start":{"line":38,"column":0},"end":{"line":38,"column":2}},"38":{"start":{"line":39,"column":0},"end":{"line":39,"column":66}},"39":{"start":{"line":40,"column":0},"end":{"line":40,"column":58}},"40":{"start":{"line":41,"column":0},"end":{"line":41,"column":10205}},"41":{"start":{"line":42,"column":0},"end":{"line":42,"column":75}},"42":{"start":{"line":43,"column":0},"end":{"line":43,"column":985}},"43":{"start":{"line":44,"column":0},"end":{"line":44,"column":14}},"44":{"start":{"line":45,"column":0},"end":{"line":45,"column":328}},"45":{"start":{"line":46,"column":0},"end":{"line":46,"column":633}},"46":{"start":{"line":47,"column":0},"end":{"line":47,"column":37}},"47":{"start":{"line":48,"column":0},"end":{"line":48,"column":122703}},"48":{"start":{"line":49,"column":0},"end":{"line":49,"column":37170}}},"s":{"0":0,"1":0,"2":0,"3":0,"4":0,"5":0,"6":0,"7":0,"8":0,"9":0,"10":0,"11":0,"12":0,"13":0,"14":0,"15":0,"16":0,"17":0,"18":0,"19":0,"20":0,"21":0,"22":0,"23":0,"24":0,"25":0,"26":0,"27":0,"28":0,"29":0,"30":0,"31":0,"32":0,"33":0,"34":0,"35":0,"36":0,"37":0,"38":0,"39":0,"40":0,"41":0,"42":0,"43":0,"44":0,"45":0,"46":0,"47":0,"48":0},"branchMap":{"0":{"type":"branch","line":1,"loc":{"start":{"line":1,"column":0},"end":{"line":49,"column":36793}},"locations":[{"start":{"line":1,"column":0},"end":{"line":49,"column":36793}}]}},"b":{"0":[0]},"fnMap":{"0":{"name":"(empty-report)","decl":{"start":{"line":1,"column":0},"end":{"line":49,"column":36793}},"loc":{"start":{"line":1,"column":0},"end":{"line":49,"column":36793}},"line":1}},"f":{"0":0}}
,"/Users/alexanderjdean/development/satellite-sonnet-frontend/app/src/App.jsx": {"path":"/Users/alexanderjdean/development/satellite-sonnet-frontend/app/src/App.jsx","all":false,"statementMap":{"0":{"start":{"line":1,"column":0},"end":{"line":1,"column":43}},"2":{"start":{"line":3,"column":0},"end":{"line":3,"column":91}},"4":{"start":{"line":5,"column":0},"end":{"line":5,"column":30}},"6":{"start":{"line":7,"column":0},"end":{"line":7,"column":50}},"7":{"start":{"line":8,"column":0},"end":{"line":8,"column":48}},"8":{"start":{"line":9,"column":0},"end":{"line":9,"column":20}},"9":{"start":{"line":10,"column":0},"end":{"line":10,"column":20}},"10":{"start":{"line":11,"column":0},"end":{"line":11,"column":18}},"11":{"start":{"line":12,"column":0},"end":{"line":12,"column":19}},"12":{"start":{"line":13,"column":0},"end":{"line":13,"column":5}},"13":{"start":{"line":14,"column":0},"end":{"line":14,"column":1}},"15":{"start":{"line":16,"column":0},"end":{"line":16,"column":16}},"16":{"start":{"line":17,"column":0},"end":{"line":17,"column":41}},"17":{"start":{"line":18,"column":0},"end":{"line":18,"column":43}},"18":{"start":{"line":19,"column":0},"end":{"line":19,"column":47}},"20":{"start":{"line":21,"column":0},"end":{"line":21,"column":23}},"21":{"start":{"line":22,"column":0},"end":{"line":22,"column":37}},"22":{"start":{"line":23,"column":0},"end":{"line":23,"column":25}},"23":{"start":{"line":24,"column":0},"end":{"line":24,"column":61}},"26":{"start":{"line":27,"column":0},"end":{"line":27,"column":56}},"28":{"start":{"line":29,"column":0},"end":{"line":29,"column":19}},"29":{"start":{"line":30,"column":0},"end":{"line":30,"column":58}},"30":{"start":{"line":31,"column":0},"end":{"line":31,"column":17}},"32":{"start":{"line":33,"column":0},"end":{"line":33,"column":19}},"33":{"start":{"line":34,"column":0},"end":{"line":34,"column":21}},"34":{"start":{"line":35,"column":0},"end":{"line":35,"column":22}},"35":{"start":{"line":36,"column":0},"end":{"line":36,"column":22}},"36":{"start":{"line":37,"column":0},"end":{"line":37,"column":48}},"37":{"start":{"line":38,"column":0},"end":{"line":38,"column":9}},"38":{"start":{"line":39,"column":0},"end":{"line":39,"column":26}},"39":{"start":{"line":40,"column":0},"end":{"line":40,"column":8}},"40":{"start":{"line":41,"column":0},"end":{"line":41,"column":23}},"41":{"start":{"line":42,"column":0},"end":{"line":42,"column":22}},"42":{"start":{"line":43,"column":0},"end":{"line":43,"column":8}},"43":{"start":{"line":44,"column":0},"end":{"line":44,"column":23}},"44":{"start":{"line":45,"column":0},"end":{"line":45,"column":22}},"45":{"start":{"line":46,"column":0},"end":{"line":46,"column":8}},"46":{"start":{"line":47,"column":0},"end":{"line":47,"column":22}},"47":{"start":{"line":48,"column":0},"end":{"line":48,"column":26}},"48":{"start":{"line":49,"column":0},"end":{"line":49,"column":9}},"49":{"start":{"line":50,"column":0},"end":{"line":50,"column":9}},"51":{"start":{"line":52,"column":0},"end":{"line":52,"column":23}},"52":{"start":{"line":53,"column":0},"end":{"line":53,"column":31}},"53":{"start":{"line":54,"column":0},"end":{"line":54,"column":30}},"54":{"start":{"line":55,"column":0},"end":{"line":55,"column":66}},"55":{"start":{"line":56,"column":0},"end":{"line":56,"column":55}},"56":{"start":{"line":57,"column":0},"end":{"line":57,"column":54}},"57":{"start":{"line":58,"column":0},"end":{"line":58,"column":12}},"58":{"start":{"line":59,"column":0},"end":{"line":59,"column":10}},"60":{"start":{"line":61,"column":0},"end":{"line":61,"column":47}},"61":{"start":{"line":62,"column":0},"end":{"line":62,"column":25}},"63":{"start":{"line":64,"column":0},"end":{"line":64,"column":9}},"64":{"start":{"line":65,"column":0},"end":{"line":65,"column":9}},"65":{"start":{"line":66,"column":0},"end":{"line":66,"column":18}},"66":{"start":{"line":67,"column":0},"end":{"line":67,"column":13}},"67":{"start":{"line":68,"column":0},"end":{"line":68,"column":9}},"68":{"start":{"line":69,"column":0},"end":{"line":69,"column":10}},"69":{"start":{"line":70,"column":0},"end":{"line":70,"column":14}},"70":{"start":{"line":71,"column":0},"end":{"line":71,"column":16}},"71":{"start":{"line":72,"column":0},"end":{"line":72,"column":11}},"73":{"start":{"line":74,"column":0},"end":{"line":74,"column":32}},"74":{"start":{"line":75,"column":0},"end":{"line":75,"column":60}},"75":{"start":{"line":76,"column":0},"end":{"line":76,"column":45}},"76":{"start":{"line":77,"column":0},"end":{"line":77,"column":66}},"79":{"start":{"line":80,"column":0},"end":{"line":80,"column":76}},"80":{"start":{"line":81,"column":0},"end":{"line":81,"column":44}},"81":{"start":{"line":82,"column":0},"end":{"line":82,"column":45}},"83":{"start":{"line":84,"column":0},"end":{"line":84,"column":85}},"85":{"start":{"line":86,"column":0},"end":{"line":86,"column":21}},"86":{"start":{"line":87,"column":0},"end":{"line":87,"column":22}},"87":{"start":{"line":88,"column":0},"end":{"line":88,"column":30}},"88":{"start":{"line":89,"column":0},"end":{"line":89,"column":38}},"89":{"start":{"line":90,"column":0},"end":{"line":90,"column":21}},"90":{"start":{"line":91,"column":0},"end":{"line":91,"column":37}},"91":{"start":{"line":92,"column":0},"end":{"line":92,"column":44}},"92":{"start":{"line":93,"column":0},"end":{"line":93,"column":5}},"93":{"start":{"line":94,"column":0},"end":{"line":94,"column":3}},"95":{"start":{"line":96,"column":0},"end":{"line":96,"column":10}},"96":{"start":{"line":97,"column":0},"end":{"line":97,"column":31}},"97":{"start":{"line":98,"column":0},"end":{"line":98,"column":76}},"98":{"start":{"line":99,"column":0},"end":{"line":99,"column":63}},"99":{"start":{"line":100,"column":0},"end":{"line":100,"column":15}},"100":{"start":{"line":101,"column":0},"end":{"line":101,"column":30}},"101":{"start":{"line":102,"column":0},"end":{"line":102,"column":78}},"102":{"start":{"line":103,"column":0},"end":{"line":103,"column":88}},"104":{"start":{"line":105,"column":0},"end":{"line":105,"column":26}},"105":{"start":{"line":106,"column":0},"end":{"line":106,"column":22}},"106":{"start":{"line":107,"column":0},"end":{"line":107,"column":33}},"107":{"start":{"line":108,"column":0},"end":{"line":108,"column":39}},"108":{"start":{"line":109,"column":0},"end":{"line":109,"column":31}},"109":{"start":{"line":110,"column":0},"end":{"line":110,"column":30}},"110":{"start":{"line":111,"column":0},"end":{"line":111,"column":27}},"111":{"start":{"line":112,"column":0},"end":{"line":112,"column":26}},"112":{"start":{"line":113,"column":0},"end":{"line":113,"column":11}},"113":{"start":{"line":114,"column":0},"end":{"line":114,"column":116}},"114":{"start":{"line":115,"column":0},"end":{"line":115,"column":14}},"117":{"start":{"line":118,"column":0},"end":{"line":118,"column":9}},"121":{"start":{"line":122,"column":0},"end":{"line":122,"column":10}},"123":{"start":{"line":124,"column":0},"end":{"line":124,"column":33}},"124":{"start":{"line":125,"column":0},"end":{"line":125,"column":90}},"125":{"start":{"line":126,"column":0},"end":{"line":126,"column":10}},"127":{"start":{"line":128,"column":0},"end":{"line":128,"column":20}},"128":{"start":{"line":129,"column":0},"end":{"line":129,"column":10}},"129":{"start":{"line":130,"column":0},"end":{"line":130,"column":100}},"130":{"start":{"line":131,"column":0},"end":{"line":131,"column":57}},"131":{"start":{"line":132,"column":0},"end":{"line":132,"column":11}},"134":{"start":{"line":135,"column":0},"end":{"line":135,"column":26}},"135":{"start":{"line":136,"column":0},"end":{"line":136,"column":41}},"136":{"start":{"line":137,"column":0},"end":{"line":137,"column":99}},"137":{"start":{"line":138,"column":0},"end":{"line":138,"column":52}},"138":{"start":{"line":139,"column":0},"end":{"line":139,"column":14}},"141":{"start":{"line":142,"column":0},"end":{"line":142,"column":19}},"142":{"start":{"line":143,"column":0},"end":{"line":143,"column":34}},"143":{"start":{"line":144,"column":0},"end":{"line":144,"column":70}},"144":{"start":{"line":145,"column":0},"end":{"line":145,"column":53}},"145":{"start":{"line":146,"column":0},"end":{"line":146,"column":14}},"147":{"start":{"line":148,"column":0},"end":{"line":148,"column":12}},"148":{"start":{"line":149,"column":0},"end":{"line":149,"column":10}},"150":{"start":{"line":151,"column":0},"end":{"line":151,"column":1}},"152":{"start":{"line":153,"column":0},"end":{"line":153,"column":18}}},"s":{"0":1,"2":1,"4":12,"6":12,"7":12,"8":12,"9":12,"10":12,"11":12,"12":12,"13":12,"15":22,"16":22,"17":22,"18":22,"20":22,"21":22,"22":22,"23":0,"26":22,"28":22,"29":14,"30":22,"32":22,"33":12,"34":12,"35":10,"36":1,"37":1,"38":9,"39":12,"40":12,"41":9,"42":12,"43":12,"44":2,"45":12,"46":12,"47":11,"48":12,"49":22,"51":22,"52":12,"53":12,"54":12,"55":12,"56":12,"57":12,"58":12,"60":22,"61":22,"63":8,"64":8,"65":8,"66":8,"67":8,"68":8,"69":8,"70":8,"71":8,"73":8,"74":8,"75":22,"76":22,"79":22,"80":22,"81":22,"83":22,"85":22,"86":22,"87":22,"88":5,"89":5,"90":5,"91":5,"92":5,"93":5,"95":8,"96":8,"97":8,"98":22,"99":22,"100":22,"101":22,"102":22,"104":22,"105":2,"106":2,"107":2,"108":2,"109":2,"110":2,"111":2,"112":2,"113":2,"114":2,"117":22,"121":22,"123":22,"124":22,"125":22,"127":22,"128":6,"129":6,"130":6,"131":6,"134":22,"135":6,"136":6,"137":6,"138":6,"141":22,"142":6,"143":6,"144":6,"145":6,"147":22,"148":22,"150":22,"152":1},"branchMap":{"0":{"type":"branch","line":5,"loc":{"start":{"line":5,"column":0},"end":{"line":14,"column":1}},"locations":[{"start":{"line":5,"column":0},"end":{"line":14,"column":1}}]},"1":{"type":"branch","line":16,"loc":{"start":{"line":16,"column":0},"end":{"line":151,"column":1}},"locations":[{"start":{"line":16,"column":0},"end":{"line":151,"column":1}}]},"2":{"type":"branch","line":23,"loc":{"start":{"line":23,"column":11},"end":{"line":24,"column":61}},"locations":[{"start":{"line":23,"column":11},"end":{"line":24,"column":61}}]},"3":{"type":"branch","line":52,"loc":{"start":{"line":52,"column":15},"end":{"line":59,"column":10}},"locations":[{"start":{"line":52,"column":15},"end":{"line":59,"column":10}}]},"4":{"type":"branch","line":59,"loc":{"start":{"line":59,"column":4},"end":{"line":61,"column":20}},"locations":[{"start":{"line":59,"column":4},"end":{"line":61,"column":20}}]},"5":{"type":"branch","line":61,"loc":{"start":{"line":61,"column":13},"end":{"line":61,"column":47}},"locations":[{"start":{"line":61,"column":13},"end":{"line":61,"column":47}}]},"6":{"type":"branch","line":61,"loc":{"start":{"line":61,"column":40},"end":{"line":62,"column":20}},"locations":[{"start":{"line":61,"column":40},"end":{"line":62,"column":20}}]},"7":{"type":"branch","line":62,"loc":{"start":{"line":62,"column":13},"end":{"line":62,"column":25}},"locations":[{"start":{"line":62,"column":13},"end":{"line":62,"column":25}}]},"8":{"type":"branch","line":62,"loc":{"start":{"line":62,"column":20},"end":{"line":76,"column":26}},"locations":[{"start":{"line":62,"column":20},"end":{"line":76,"column":26}}]},"9":{"type":"branch","line":76,"loc":{"start":{"line":76,"column":18},"end":{"line":76,"column":45}},"locations":[{"start":{"line":76,"column":18},"end":{"line":76,"column":45}}]},"10":{"type":"branch","line":77,"loc":{"start":{"line":77,"column":25},"end":{"line":77,"column":66}},"locations":[{"start":{"line":77,"column":25},"end":{"line":77,"column":66}}]},"11":{"type":"branch","line":81,"loc":{"start":{"line":81,"column":18},"end":{"line":81,"column":44}},"locations":[{"start":{"line":81,"column":18},"end":{"line":81,"column":44}}]},"12":{"type":"branch","line":82,"loc":{"start":{"line":82,"column":25},"end":{"line":82,"column":45}},"locations":[{"start":{"line":82,"column":25},"end":{"line":82,"column":45}}]},"13":{"type":"branch","line":84,"loc":{"start":{"line":84,"column":24},"end":{"line":84,"column":61}},"locations":[{"start":{"line":84,"column":24},"end":{"line":84,"column":61}}]},"14":{"type":"branch","line":84,"loc":{"start":{"line":84,"column":51},"end":{"line":84,"column":85}},"locations":[{"start":{"line":84,"column":51},"end":{"line":84,"column":85}}]},"15":{"type":"branch","line":88,"loc":{"start":{"line":88,"column":29},"end":{"line":94,"column":3}},"locations":[{"start":{"line":88,"column":29},"end":{"line":94,"column":3}}]},"16":{"type":"branch","line":94,"loc":{"start":{"line":94,"column":2},"end":{"line":99,"column":20}},"locations":[{"start":{"line":94,"column":2},"end":{"line":99,"column":20}}]},"17":{"type":"branch","line":99,"loc":{"start":{"line":99,"column":9},"end":{"line":99,"column":43}},"locations":[{"start":{"line":99,"column":9},"end":{"line":99,"column":43}}]},"18":{"type":"branch","line":99,"loc":{"start":{"line":99,"column":20},"end":{"line":99,"column":63}},"locations":[{"start":{"line":99,"column":20},"end":{"line":99,"column":63}}]},"19":{"type":"branch","line":102,"loc":{"start":{"line":102,"column":7},"end":{"line":102,"column":78}},"locations":[{"start":{"line":102,"column":7},"end":{"line":102,"column":78}}]},"20":{"type":"branch","line":103,"loc":{"start":{"line":103,"column":7},"end":{"line":103,"column":88}},"locations":[{"start":{"line":103,"column":7},"end":{"line":103,"column":88}}]},"21":{"type":"branch","line":105,"loc":{"start":{"line":105,"column":7},"end":{"line":115,"column":14}},"locations":[{"start":{"line":105,"column":7},"end":{"line":115,"column":14}}]},"22":{"type":"branch","line":125,"loc":{"start":{"line":125,"column":9},"end":{"line":125,"column":47}},"locations":[{"start":{"line":125,"column":9},"end":{"line":125,"column":47}}]},"23":{"type":"branch","line":125,"loc":{"start":{"line":125,"column":19},"end":{"line":125,"column":90}},"locations":[{"start":{"line":125,"column":19},"end":{"line":125,"column":90}}]},"24":{"type":"branch","line":128,"loc":{"start":{"line":128,"column":7},"end":{"line":132,"column":11}},"locations":[{"start":{"line":128,"column":7},"end":{"line":132,"column":11}}]},"25":{"type":"branch","line":130,"loc":{"start":{"line":130,"column":52},"end":{"line":130,"column":98}},"locations":[{"start":{"line":130,"column":52},"end":{"line":130,"column":98}}]},"26":{"type":"branch","line":135,"loc":{"start":{"line":135,"column":7},"end":{"line":139,"column":14}},"locations":[{"start":{"line":135,"column":7},"end":{"line":139,"column":14}}]},"27":{"type":"branch","line":142,"loc":{"start":{"line":142,"column":7},"end":{"line":146,"column":14}},"locations":[{"start":{"line":142,"column":7},"end":{"line":146,"column":14}}]},"28":{"type":"branch","line":144,"loc":{"start":{"line":144,"column":11},"end":{"line":144,"column":70}},"locations":[{"start":{"line":144,"column":11},"end":{"line":144,"column":70}}]},"29":{"type":"branch","line":29,"loc":{"start":{"line":29,"column":12},"end":{"line":31,"column":5}},"locations":[{"start":{"line":29,"column":12},"end":{"line":31,"column":5}}]},"30":{"type":"branch","line":33,"loc":{"start":{"line":33,"column":12},"end":{"line":50,"column":5}},"locations":[{"start":{"line":33,"column":12},"end":{"line":50,"column":5}}]},"31":{"type":"branch","line":35,"loc":{"start":{"line":35,"column":12},"end":{"line":40,"column":7}},"locations":[{"start":{"line":35,"column":12},"end":{"line":40,"column":7}}]},"32":{"type":"branch","line":36,"loc":{"start":{"line":36,"column":21},"end":{"line":38,"column":9}},"locations":[{"start":{"line":36,"column":21},"end":{"line":38,"column":9}}]},"33":{"type":"branch","line":38,"loc":{"start":{"line":38,"column":8},"end":{"line":39,"column":26}},"locations":[{"start":{"line":38,"column":8},"end":{"line":39,"column":26}}]},"34":{"type":"branch","line":41,"loc":{"start":{"line":41,"column":12},"end":{"line":43,"column":7}},"locations":[{"start":{"line":41,"column":12},"end":{"line":43,"column":7}}]},"35":{"type":"branch","line":44,"loc":{"start":{"line":44,"column":13},"end":{"line":46,"column":7}},"locations":[{"start":{"line":44,"column":13},"end":{"line":46,"column":7}}]},"36":{"type":"branch","line":47,"loc":{"start":{"line":47,"column":15},"end":{"line":49,"column":7}},"locations":[{"start":{"line":47,"column":15},"end":{"line":49,"column":7}}]},"37":{"type":"branch","line":98,"loc":{"start":{"line":98,"column":46},"end":{"line":98,"column":76}},"locations":[{"start":{"line":98,"column":46},"end":{"line":98,"column":76}}]},"38":{"type":"branch","line":98,"loc":{"start":{"line":98,"column":64},"end":{"line":98,"column":73}},"locations":[{"start":{"line":98,"column":64},"end":{"line":98,"column":73}}]}},"b":{"0":[12],"1":[22],"2":[0],"3":[12],"4":[10],"5":[2],"6":[8],"7":[0],"8":[8],"9":[6],"10":[6],"11":[8],"12":[8],"13":[8],"14":[6],"15":[5],"16":[8],"17":[1],"18":[7],"19":[8],"20":[6],"21":[2],"22":[6],"23":[2],"24":[6],"25":[0],"26":[6],"27":[6],"28":[5],"29":[14],"30":[12],"31":[10],"32":[1],"33":[9],"34":[9],"35":[2],"36":[11],"37":[2],"38":[2]},"fnMap":{"0":{"name":"formatDate","decl":{"start":{"line":5,"column":0},"end":{"line":14,"column":1}},"loc":{"start":{"line":5,"column":0},"end":{"line":14,"column":1}},"line":5},"1":{"name":"App","decl":{"start":{"line":16,"column":0},"end":{"line":151,"column":1}},"loc":{"start":{"line":16,"column":0},"end":{"line":151,"column":1}},"line":16},"2":{"name":"onClick","decl":{"start":{"line":98,"column":46},"end":{"line":98,"column":76}},"loc":{"start":{"line":98,"column":46},"end":{"line":98,"column":76}},"line":98}},"f":{"0":12,"1":22,"2":2}}
}
